<?xml version="1.0" encoding="UTF-8"?>
<!-- Generated by org.testng.reporters.JUnitXMLReporter -->
<testsuite hostname="V2IT01" ignored="0" name="Automation_Testing" tests="12" failures="0" timestamp="29 Mar 2019 13:51:00 GMT" time="217.114" errors="0">
  <testcase name="College_registration_Testcase" time="45.71" classname="Driver_Started_College_Module.College_Driver_Class"/>
  <testcase name="College_login_Testcase" time="3.755" classname="Driver_Started_College_Module.College_Driver_Class"/>
  <testcase name="College_Dashboard_Testcase" time="12.944" classname="Driver_Started_College_Module.College_Driver_Class"/>
  <testcase name="College_profile_Testcase" time="38.596" classname="Driver_Started_College_Module.College_Driver_Class"/>
  <testcase name="College_upload_student_details_Testcase" time="4.815" classname="Driver_Started_College_Module.College_Driver_Class"/>
  <testcase name="college_Assessment_Exam_Center_creation" time="1.786" classname="Driver_Started_College_Module.College_Driver_Class"/>
  <testcase name="college_Assessment_Exam_Halticket_Update" time="0.932" classname="Driver_Started_College_Module.College_Driver_Class"/>
  <testcase name="college_Assessment_Exam_Candidate" time="7.553" classname="Driver_Started_College_Module.College_Driver_Class"/>
  <testcase name="College_registered_students_details_Testcase" time="1.865" classname="Driver_Started_College_Module.College_Driver_Class"/>
  <testcase name="College_assessment_scores_Testcase" time="30.693" classname="Driver_Started_College_Module.College_Driver_Class"/>
  <testcase name="College_Change_password_Testcase" time="30.73" classname="Driver_Started_College_Module.College_Driver_Class"/>
  <testcase name="College_feedback_Tescase" time="32.544" classname="Driver_Started_College_Module.College_Driver_Class"/>
</testsuite> <!-- Automation_Testing -->
