<?xml version="1.0" encoding="UTF-8"?>
<!-- Generated by org.testng.reporters.JUnitXMLReporter -->
<testsuite hostname="V2IT01" ignored="0" name="Default test" tests="116" failures="0" timestamp="05 Apr 2019 10:35:41 GMT" time="5.138" errors="0">
  <testcase name="@BeforeTest Start_driver" time="4.816" classname="Driver_Started.Hiremee_Smoke_Test_Driver_Initial">
    <failure type="org.openqa.selenium.SessionNotCreatedException" message="session not created
from chrome not reachable
  (Session info: chrome=73.0.3683.86)
  (Driver info: chromedriver=2.46.628402 (536cd7adbad73a3783fdc2cab92ab2ba7ec361e1),platform=Windows NT 6.1.7601 SP1 x86_64) (WARNING: The server did not provide any stacktrace information)
Command duration or timeout: 3.85 seconds
Build info: version: &amp;apos;3.141.59&amp;apos;, revision: &amp;apos;e82be7d358&amp;apos;, time: &amp;apos;2018-11-14T08:25:48&amp;apos;
System info: host: &amp;apos;V2IT01&amp;apos;, ip: &amp;apos;172.16.3.31&amp;apos;, os.name: &amp;apos;Windows 7&amp;apos;, os.arch: &amp;apos;amd64&amp;apos;, os.version: &amp;apos;6.1&amp;apos;, java.version: &amp;apos;1.8.0_65&amp;apos;
Driver info: driver.version: ChromeDriver">
      <![CDATA[org.openqa.selenium.SessionNotCreatedException: session not created
from chrome not reachable
  (Session info: chrome=73.0.3683.86)
  (Driver info: chromedriver=2.46.628402 (536cd7adbad73a3783fdc2cab92ab2ba7ec361e1),platform=Windows NT 6.1.7601 SP1 x86_64) (WARNING: The server did not provide any stacktrace information)
Command duration or timeout: 3.85 seconds
Build info: version: '3.141.59', revision: 'e82be7d358', time: '2018-11-14T08:25:48'
System info: host: 'V2IT01', ip: '172.16.3.31', os.name: 'Windows 7', os.arch: 'amd64', os.version: '6.1', java.version: '1.8.0_65'
Driver info: driver.version: ChromeDriver
at sun.reflect.NativeConstructorAccessorImpl.newInstance0(Native Method)
at sun.reflect.NativeConstructorAccessorImpl.newInstance(Unknown Source)
at sun.reflect.DelegatingConstructorAccessorImpl.newInstance(Unknown Source)
at java.lang.reflect.Constructor.newInstance(Unknown Source)
at org.openqa.selenium.remote.ErrorHandler.createThrowable(ErrorHandler.java:214)
at org.openqa.selenium.remote.ErrorHandler.throwIfResponseFailed(ErrorHandler.java:166)
at org.openqa.selenium.remote.JsonWireProtocolResponse.lambda$errorHandler$0(JsonWireProtocolResponse.java:54)
at org.openqa.selenium.remote.HandshakeResponse.lambda$getResponseFunction$0(HandshakeResponse.java:30)
at org.openqa.selenium.remote.ProtocolHandshake.lambda$createSession$0(ProtocolHandshake.java:126)
at java.util.stream.ReferencePipeline$3$1.accept(Unknown Source)
at java.util.Spliterators$ArraySpliterator.tryAdvance(Unknown Source)
at java.util.stream.ReferencePipeline.forEachWithCancel(Unknown Source)
at java.util.stream.AbstractPipeline.copyIntoWithCancel(Unknown Source)
at java.util.stream.AbstractPipeline.copyInto(Unknown Source)
at java.util.stream.AbstractPipeline.wrapAndCopyInto(Unknown Source)
at java.util.stream.FindOps$FindOp.evaluateSequential(Unknown Source)
at java.util.stream.AbstractPipeline.evaluate(Unknown Source)
at java.util.stream.ReferencePipeline.findFirst(Unknown Source)
at org.openqa.selenium.remote.ProtocolHandshake.createSession(ProtocolHandshake.java:128)
at org.openqa.selenium.remote.ProtocolHandshake.createSession(ProtocolHandshake.java:74)
at org.openqa.selenium.remote.HttpCommandExecutor.execute(HttpCommandExecutor.java:136)
at org.openqa.selenium.remote.service.DriverCommandExecutor.execute(DriverCommandExecutor.java:83)
at org.openqa.selenium.remote.RemoteWebDriver.execute(RemoteWebDriver.java:552)
at org.openqa.selenium.remote.RemoteWebDriver.startSession(RemoteWebDriver.java:213)
at org.openqa.selenium.remote.RemoteWebDriver.<init>(RemoteWebDriver.java:131)
at org.openqa.selenium.chrome.ChromeDriver.<init>(ChromeDriver.java:181)
at org.openqa.selenium.chrome.ChromeDriver.<init>(ChromeDriver.java:168)
at org.openqa.selenium.chrome.ChromeDriver.<init>(ChromeDriver.java:123)
at Driver_Started.Hiremee_Smoke_Test_Driver_Initial.Start_driver(Hiremee_Smoke_Test_Driver_Initial.java:111)
at sun.reflect.NativeMethodAccessorImpl.invoke0(Native Method)
at sun.reflect.NativeMethodAccessorImpl.invoke(Unknown Source)
at sun.reflect.DelegatingMethodAccessorImpl.invoke(Unknown Source)
at java.lang.reflect.Method.invoke(Unknown Source)
at org.testng.internal.MethodInvocationHelper.invokeMethod(MethodInvocationHelper.java:124)
at org.testng.internal.MethodInvocationHelper.invokeMethodConsideringTimeout(MethodInvocationHelper.java:59)
at org.testng.internal.Invoker.invokeConfigurationMethod(Invoker.java:455)
at org.testng.internal.Invoker.invokeConfigurations(Invoker.java:222)
at org.testng.internal.Invoker.invokeConfigurations(Invoker.java:142)
at org.testng.TestRunner.beforeRun(TestRunner.java:529)
at org.testng.TestRunner.run(TestRunner.java:497)
at org.testng.SuiteRunner.runTest(SuiteRunner.java:455)
at org.testng.SuiteRunner.runSequentially(SuiteRunner.java:450)
at org.testng.SuiteRunner.privateRun(SuiteRunner.java:415)
at org.testng.SuiteRunner.run(SuiteRunner.java:364)
at org.testng.SuiteRunnerWorker.runSuite(SuiteRunnerWorker.java:52)
at org.testng.SuiteRunnerWorker.run(SuiteRunnerWorker.java:84)
at org.testng.TestNG.runSuitesSequentially(TestNG.java:1208)
at org.testng.TestNG.runSuitesLocally(TestNG.java:1137)
at org.testng.TestNG.runSuites(TestNG.java:1049)
at org.testng.TestNG.run(TestNG.java:1017)
at org.testng.remote.AbstractRemoteTestNG.run(AbstractRemoteTestNG.java:114)
at org.testng.remote.RemoteTestNG.initAndRun(RemoteTestNG.java:251)
at org.testng.remote.RemoteTestNG.main(RemoteTestNG.java:77)
]]>
    </failure>
  </testcase> <!-- @BeforeTest Start_driver -->
  <testcase name="@AfterMethod getResult" time="0.0" classname="Driver_Started.Hiremee_Smoke_Test_Driver_Initial">
    <skipped/>
  </testcase> <!-- @AfterMethod getResult -->
  <testcase name="@AfterMethod getResult" time="0.0" classname="Driver_Started.Hiremee_Smoke_Test_Driver_Initial">
    <skipped/>
  </testcase> <!-- @AfterMethod getResult -->
  <testcase name="@AfterMethod getResult" time="0.0" classname="Driver_Started.Hiremee_Smoke_Test_Driver_Initial">
    <skipped/>
  </testcase> <!-- @AfterMethod getResult -->
  <testcase name="@AfterMethod getResult" time="0.0" classname="Driver_Started.Hiremee_Smoke_Test_Driver_Initial">
    <skipped/>
  </testcase> <!-- @AfterMethod getResult -->
  <testcase name="@AfterMethod getResult" time="0.0" classname="Driver_Started.Hiremee_Smoke_Test_Driver_Initial">
    <skipped/>
  </testcase> <!-- @AfterMethod getResult -->
  <testcase name="@AfterMethod getResult" time="0.0" classname="Driver_Started.Hiremee_Smoke_Test_Driver_Initial">
    <skipped/>
  </testcase> <!-- @AfterMethod getResult -->
  <testcase name="@AfterMethod getResult" time="0.0" classname="Driver_Started.Hiremee_Smoke_Test_Driver_Initial">
    <skipped/>
  </testcase> <!-- @AfterMethod getResult -->
  <testcase name="@AfterMethod getResult" time="0.0" classname="Driver_Started.Hiremee_Smoke_Test_Driver_Initial">
    <skipped/>
  </testcase> <!-- @AfterMethod getResult -->
  <testcase name="@AfterMethod getResult" time="0.0" classname="Driver_Started.Hiremee_Smoke_Test_Driver_Initial">
    <skipped/>
  </testcase> <!-- @AfterMethod getResult -->
  <testcase name="@AfterMethod getResult" time="0.0" classname="Driver_Started.Hiremee_Smoke_Test_Driver_Initial">
    <skipped/>
  </testcase> <!-- @AfterMethod getResult -->
  <testcase name="@AfterMethod getResult" time="0.0" classname="Driver_Started.Hiremee_Smoke_Test_Driver_Initial">
    <skipped/>
  </testcase> <!-- @AfterMethod getResult -->
  <testcase name="@AfterMethod getResult" time="0.0" classname="Driver_Started.Hiremee_Smoke_Test_Driver_Initial">
    <skipped/>
  </testcase> <!-- @AfterMethod getResult -->
  <testcase name="@AfterMethod getResult" time="0.0" classname="Driver_Started.Hiremee_Smoke_Test_Driver_Initial">
    <skipped/>
  </testcase> <!-- @AfterMethod getResult -->
  <testcase name="@AfterMethod getResult" time="0.0" classname="Driver_Started.Hiremee_Smoke_Test_Driver_Initial">
    <skipped/>
  </testcase> <!-- @AfterMethod getResult -->
  <testcase name="@AfterMethod getResult" time="0.0" classname="Driver_Started.Hiremee_Smoke_Test_Driver_Initial">
    <skipped/>
  </testcase> <!-- @AfterMethod getResult -->
  <testcase name="@AfterMethod getResult" time="0.0" classname="Driver_Started.Hiremee_Smoke_Test_Driver_Initial">
    <skipped/>
  </testcase> <!-- @AfterMethod getResult -->
  <testcase name="@AfterMethod getResult" time="0.0" classname="Driver_Started.Hiremee_Smoke_Test_Driver_Initial">
    <skipped/>
  </testcase> <!-- @AfterMethod getResult -->
  <testcase name="@AfterMethod getResult" time="0.0" classname="Driver_Started.Hiremee_Smoke_Test_Driver_Initial">
    <skipped/>
  </testcase> <!-- @AfterMethod getResult -->
  <testcase name="@AfterMethod getResult" time="0.0" classname="Driver_Started.Hiremee_Smoke_Test_Driver_Initial">
    <skipped/>
  </testcase> <!-- @AfterMethod getResult -->
  <testcase name="@AfterMethod getResult" time="0.0" classname="Driver_Started.Hiremee_Smoke_Test_Driver_Initial">
    <skipped/>
  </testcase> <!-- @AfterMethod getResult -->
  <testcase name="@AfterMethod getResult" time="0.0" classname="Driver_Started.Hiremee_Smoke_Test_Driver_Initial">
    <skipped/>
  </testcase> <!-- @AfterMethod getResult -->
  <testcase name="@AfterMethod getResult" time="0.0" classname="Driver_Started.Hiremee_Smoke_Test_Driver_Initial">
    <skipped/>
  </testcase> <!-- @AfterMethod getResult -->
  <testcase name="@AfterMethod getResult" time="0.0" classname="Driver_Started.Hiremee_Smoke_Test_Driver_Initial">
    <skipped/>
  </testcase> <!-- @AfterMethod getResult -->
  <testcase name="@AfterMethod getResult" time="0.0" classname="Driver_Started.Hiremee_Smoke_Test_Driver_Initial">
    <skipped/>
  </testcase> <!-- @AfterMethod getResult -->
  <testcase name="@AfterMethod getResult" time="0.0" classname="Driver_Started.Hiremee_Smoke_Test_Driver_Initial">
    <skipped/>
  </testcase> <!-- @AfterMethod getResult -->
  <testcase name="@AfterMethod getResult" time="0.0" classname="Driver_Started.Hiremee_Smoke_Test_Driver_Initial">
    <skipped/>
  </testcase> <!-- @AfterMethod getResult -->
  <testcase name="@AfterMethod getResult" time="0.0" classname="Driver_Started.Hiremee_Smoke_Test_Driver_Initial">
    <skipped/>
  </testcase> <!-- @AfterMethod getResult -->
  <testcase name="@AfterMethod getResult" time="0.0" classname="Driver_Started.Hiremee_Smoke_Test_Driver_Initial">
    <skipped/>
  </testcase> <!-- @AfterMethod getResult -->
  <testcase name="@AfterMethod getResult" time="0.0" classname="Driver_Started.Hiremee_Smoke_Test_Driver_Initial">
    <skipped/>
  </testcase> <!-- @AfterMethod getResult -->
  <testcase name="@AfterMethod getResult" time="0.0" classname="Driver_Started.Hiremee_Smoke_Test_Driver_Initial">
    <skipped/>
  </testcase> <!-- @AfterMethod getResult -->
  <testcase name="@AfterMethod getResult" time="0.0" classname="Driver_Started.Hiremee_Smoke_Test_Driver_Initial">
    <skipped/>
  </testcase> <!-- @AfterMethod getResult -->
  <testcase name="@AfterMethod getResult" time="0.0" classname="Driver_Started.Hiremee_Smoke_Test_Driver_Initial">
    <skipped/>
  </testcase> <!-- @AfterMethod getResult -->
  <testcase name="@AfterMethod getResult" time="0.0" classname="Driver_Started.Hiremee_Smoke_Test_Driver_Initial">
    <skipped/>
  </testcase> <!-- @AfterMethod getResult -->
  <testcase name="@AfterMethod getResult" time="0.0" classname="Driver_Started.Hiremee_Smoke_Test_Driver_Initial">
    <skipped/>
  </testcase> <!-- @AfterMethod getResult -->
  <testcase name="@AfterMethod getResult" time="0.0" classname="Driver_Started.Hiremee_Smoke_Test_Driver_Initial">
    <skipped/>
  </testcase> <!-- @AfterMethod getResult -->
  <testcase name="@AfterMethod getResult" time="0.0" classname="Driver_Started.Hiremee_Smoke_Test_Driver_Initial">
    <skipped/>
  </testcase> <!-- @AfterMethod getResult -->
  <testcase name="@AfterMethod getResult" time="0.0" classname="Driver_Started.Hiremee_Smoke_Test_Driver_Initial">
    <skipped/>
  </testcase> <!-- @AfterMethod getResult -->
  <testcase name="@AfterMethod getResult" time="0.0" classname="Driver_Started.Hiremee_Smoke_Test_Driver_Initial">
    <skipped/>
  </testcase> <!-- @AfterMethod getResult -->
  <testcase name="@AfterMethod getResult" time="0.0" classname="Driver_Started.Hiremee_Smoke_Test_Driver_Initial">
    <skipped/>
  </testcase> <!-- @AfterMethod getResult -->
  <testcase name="@AfterMethod getResult" time="0.0" classname="Driver_Started.Hiremee_Smoke_Test_Driver_Initial">
    <skipped/>
  </testcase> <!-- @AfterMethod getResult -->
  <testcase name="@AfterMethod getResult" time="0.0" classname="Driver_Started.Hiremee_Smoke_Test_Driver_Initial">
    <skipped/>
  </testcase> <!-- @AfterMethod getResult -->
  <testcase name="@AfterMethod getResult" time="0.0" classname="Driver_Started.Hiremee_Smoke_Test_Driver_Initial">
    <skipped/>
  </testcase> <!-- @AfterMethod getResult -->
  <testcase name="@AfterMethod getResult" time="0.0" classname="Driver_Started.Hiremee_Smoke_Test_Driver_Initial">
    <skipped/>
  </testcase> <!-- @AfterMethod getResult -->
  <testcase name="@AfterMethod getResult" time="0.0" classname="Driver_Started.Hiremee_Smoke_Test_Driver_Initial">
    <skipped/>
  </testcase> <!-- @AfterMethod getResult -->
  <testcase name="@AfterMethod getResult" time="0.0" classname="Driver_Started.Hiremee_Smoke_Test_Driver_Initial">
    <skipped/>
  </testcase> <!-- @AfterMethod getResult -->
  <testcase name="@AfterMethod getResult" time="0.0" classname="Driver_Started.Hiremee_Smoke_Test_Driver_Initial">
    <skipped/>
  </testcase> <!-- @AfterMethod getResult -->
  <testcase name="@AfterMethod getResult" time="0.0" classname="Driver_Started.Hiremee_Smoke_Test_Driver_Initial">
    <skipped/>
  </testcase> <!-- @AfterMethod getResult -->
  <testcase name="@AfterMethod getResult" time="0.0" classname="Driver_Started.Hiremee_Smoke_Test_Driver_Initial">
    <skipped/>
  </testcase> <!-- @AfterMethod getResult -->
  <testcase name="@AfterMethod getResult" time="0.0" classname="Driver_Started.Hiremee_Smoke_Test_Driver_Initial">
    <skipped/>
  </testcase> <!-- @AfterMethod getResult -->
  <testcase name="@AfterMethod getResult" time="0.0" classname="Driver_Started.Hiremee_Smoke_Test_Driver_Initial">
    <skipped/>
  </testcase> <!-- @AfterMethod getResult -->
  <testcase name="@AfterMethod getResult" time="0.0" classname="Driver_Started.Hiremee_Smoke_Test_Driver_Initial">
    <skipped/>
  </testcase> <!-- @AfterMethod getResult -->
  <testcase name="@AfterMethod getResult" time="0.0" classname="Driver_Started.Hiremee_Smoke_Test_Driver_Initial">
    <skipped/>
  </testcase> <!-- @AfterMethod getResult -->
  <testcase name="@AfterMethod getResult" time="0.0" classname="Driver_Started.Hiremee_Smoke_Test_Driver_Initial">
    <skipped/>
  </testcase> <!-- @AfterMethod getResult -->
  <testcase name="@AfterMethod getResult" time="0.0" classname="Driver_Started.Hiremee_Smoke_Test_Driver_Initial">
    <skipped/>
  </testcase> <!-- @AfterMethod getResult -->
  <testcase name="@AfterMethod getResult" time="0.0" classname="Driver_Started.Hiremee_Smoke_Test_Driver_Initial">
    <skipped/>
  </testcase> <!-- @AfterMethod getResult -->
  <testcase name="@AfterMethod getResult" time="0.0" classname="Driver_Started.Hiremee_Smoke_Test_Driver_Initial">
    <skipped/>
  </testcase> <!-- @AfterMethod getResult -->
  <testcase name="@AfterMethod getResult" time="0.0" classname="Driver_Started.Hiremee_Smoke_Test_Driver_Initial">
    <skipped/>
  </testcase> <!-- @AfterMethod getResult -->
  <testcase name="@AfterMethod getResult" time="0.0" classname="Driver_Started.Hiremee_Smoke_Test_Driver_Initial">
    <skipped/>
  </testcase> <!-- @AfterMethod getResult -->
  <testcase name="@AfterMethod getResult" time="0.0" classname="Driver_Started.Hiremee_Smoke_Test_Driver_Initial">
    <skipped/>
  </testcase> <!-- @AfterMethod getResult -->
  <testcase name="@AfterMethod getResult" time="0.0" classname="Driver_Started.Hiremee_Smoke_Test_Driver_Initial">
    <skipped/>
  </testcase> <!-- @AfterMethod getResult -->
  <testcase name="@AfterMethod getResult" time="0.0" classname="Driver_Started.Hiremee_Smoke_Test_Driver_Initial">
    <skipped/>
  </testcase> <!-- @AfterMethod getResult -->
  <testcase name="@AfterMethod getResult" time="0.0" classname="Driver_Started.Hiremee_Smoke_Test_Driver_Initial">
    <skipped/>
  </testcase> <!-- @AfterMethod getResult -->
  <testcase name="@AfterMethod getResult" time="0.0" classname="Driver_Started.Hiremee_Smoke_Test_Driver_Initial">
    <skipped/>
  </testcase> <!-- @AfterMethod getResult -->
  <testcase name="@AfterMethod getResult" time="0.0" classname="Driver_Started.Hiremee_Smoke_Test_Driver_Initial">
    <skipped/>
  </testcase> <!-- @AfterMethod getResult -->
  <testcase name="@AfterMethod getResult" time="0.0" classname="Driver_Started.Hiremee_Smoke_Test_Driver_Initial">
    <skipped/>
  </testcase> <!-- @AfterMethod getResult -->
  <testcase name="@AfterMethod getResult" time="0.0" classname="Driver_Started.Hiremee_Smoke_Test_Driver_Initial">
    <skipped/>
  </testcase> <!-- @AfterMethod getResult -->
  <testcase name="@AfterMethod getResult" time="0.0" classname="Driver_Started.Hiremee_Smoke_Test_Driver_Initial">
    <skipped/>
  </testcase> <!-- @AfterMethod getResult -->
  <testcase name="@AfterMethod getResult" time="0.0" classname="Driver_Started.Hiremee_Smoke_Test_Driver_Initial">
    <skipped/>
  </testcase> <!-- @AfterMethod getResult -->
  <testcase name="@AfterMethod getResult" time="0.0" classname="Driver_Started.Hiremee_Smoke_Test_Driver_Initial">
    <skipped/>
  </testcase> <!-- @AfterMethod getResult -->
  <testcase name="@AfterMethod getResult" time="0.0" classname="Driver_Started.Hiremee_Smoke_Test_Driver_Initial">
    <skipped/>
  </testcase> <!-- @AfterMethod getResult -->
  <testcase name="@AfterMethod getResult" time="0.0" classname="Driver_Started.Hiremee_Smoke_Test_Driver_Initial">
    <skipped/>
  </testcase> <!-- @AfterMethod getResult -->
  <testcase name="@AfterMethod getResult" time="0.0" classname="Driver_Started.Hiremee_Smoke_Test_Driver_Initial">
    <skipped/>
  </testcase> <!-- @AfterMethod getResult -->
  <testcase name="@AfterMethod getResult" time="0.0" classname="Driver_Started.Hiremee_Smoke_Test_Driver_Initial">
    <skipped/>
  </testcase> <!-- @AfterMethod getResult -->
  <testcase name="@AfterMethod getResult" time="0.0" classname="Driver_Started.Hiremee_Smoke_Test_Driver_Initial">
    <skipped/>
  </testcase> <!-- @AfterMethod getResult -->
  <testcase name="@AfterMethod getResult" time="0.0" classname="Driver_Started.Hiremee_Smoke_Test_Driver_Initial">
    <skipped/>
  </testcase> <!-- @AfterMethod getResult -->
  <testcase name="@AfterMethod getResult" time="0.0" classname="Driver_Started.Hiremee_Smoke_Test_Driver_Initial">
    <skipped/>
  </testcase> <!-- @AfterMethod getResult -->
  <testcase name="@AfterMethod getResult" time="0.0" classname="Driver_Started.Hiremee_Smoke_Test_Driver_Initial">
    <skipped/>
  </testcase> <!-- @AfterMethod getResult -->
  <testcase name="@AfterMethod getResult" time="0.0" classname="Driver_Started.Hiremee_Smoke_Test_Driver_Initial">
    <skipped/>
  </testcase> <!-- @AfterMethod getResult -->
  <testcase name="@AfterMethod getResult" time="0.0" classname="Driver_Started.Hiremee_Smoke_Test_Driver_Initial">
    <skipped/>
  </testcase> <!-- @AfterMethod getResult -->
  <testcase name="@AfterMethod getResult" time="0.0" classname="Driver_Started.Hiremee_Smoke_Test_Driver_Initial">
    <skipped/>
  </testcase> <!-- @AfterMethod getResult -->
  <testcase name="@AfterMethod getResult" time="0.0" classname="Driver_Started.Hiremee_Smoke_Test_Driver_Initial">
    <skipped/>
  </testcase> <!-- @AfterMethod getResult -->
  <testcase name="@AfterMethod getResult" time="0.0" classname="Driver_Started.Hiremee_Smoke_Test_Driver_Initial">
    <skipped/>
  </testcase> <!-- @AfterMethod getResult -->
  <testcase name="@AfterMethod getResult" time="0.0" classname="Driver_Started.Hiremee_Smoke_Test_Driver_Initial">
    <skipped/>
  </testcase> <!-- @AfterMethod getResult -->
  <testcase name="@AfterMethod getResult" time="0.0" classname="Driver_Started.Hiremee_Smoke_Test_Driver_Initial">
    <skipped/>
  </testcase> <!-- @AfterMethod getResult -->
  <testcase name="@AfterMethod getResult" time="0.0" classname="Driver_Started.Hiremee_Smoke_Test_Driver_Initial">
    <skipped/>
  </testcase> <!-- @AfterMethod getResult -->
  <testcase name="@AfterMethod getResult" time="0.0" classname="Driver_Started.Hiremee_Smoke_Test_Driver_Initial">
    <skipped/>
  </testcase> <!-- @AfterMethod getResult -->
  <testcase name="@AfterMethod getResult" time="0.0" classname="Driver_Started.Hiremee_Smoke_Test_Driver_Initial">
    <skipped/>
  </testcase> <!-- @AfterMethod getResult -->
  <testcase name="@AfterMethod getResult" time="0.0" classname="Driver_Started.Hiremee_Smoke_Test_Driver_Initial">
    <skipped/>
  </testcase> <!-- @AfterMethod getResult -->
  <testcase name="@AfterMethod getResult" time="0.0" classname="Driver_Started.Hiremee_Smoke_Test_Driver_Initial">
    <skipped/>
  </testcase> <!-- @AfterMethod getResult -->
  <testcase name="@AfterMethod getResult" time="0.0" classname="Driver_Started.Hiremee_Smoke_Test_Driver_Initial">
    <skipped/>
  </testcase> <!-- @AfterMethod getResult -->
  <testcase name="@AfterMethod getResult" time="0.0" classname="Driver_Started.Hiremee_Smoke_Test_Driver_Initial">
    <skipped/>
  </testcase> <!-- @AfterMethod getResult -->
  <testcase name="@AfterMethod getResult" time="0.0" classname="Driver_Started.Hiremee_Smoke_Test_Driver_Initial">
    <skipped/>
  </testcase> <!-- @AfterMethod getResult -->
  <testcase name="@AfterMethod getResult" time="0.0" classname="Driver_Started.Hiremee_Smoke_Test_Driver_Initial">
    <skipped/>
  </testcase> <!-- @AfterMethod getResult -->
  <testcase name="@AfterMethod getResult" time="0.0" classname="Driver_Started.Hiremee_Smoke_Test_Driver_Initial">
    <skipped/>
  </testcase> <!-- @AfterMethod getResult -->
  <testcase name="@AfterMethod getResult" time="0.0" classname="Driver_Started.Hiremee_Smoke_Test_Driver_Initial">
    <skipped/>
  </testcase> <!-- @AfterMethod getResult -->
  <testcase name="@AfterMethod getResult" time="0.0" classname="Driver_Started.Hiremee_Smoke_Test_Driver_Initial">
    <skipped/>
  </testcase> <!-- @AfterMethod getResult -->
  <testcase name="@AfterMethod getResult" time="0.0" classname="Driver_Started.Hiremee_Smoke_Test_Driver_Initial">
    <skipped/>
  </testcase> <!-- @AfterMethod getResult -->
  <testcase name="@AfterMethod getResult" time="0.0" classname="Driver_Started.Hiremee_Smoke_Test_Driver_Initial">
    <skipped/>
  </testcase> <!-- @AfterMethod getResult -->
  <testcase name="@AfterMethod getResult" time="0.0" classname="Driver_Started.Hiremee_Smoke_Test_Driver_Initial">
    <skipped/>
  </testcase> <!-- @AfterMethod getResult -->
  <testcase name="@AfterMethod getResult" time="0.0" classname="Driver_Started.Hiremee_Smoke_Test_Driver_Initial">
    <skipped/>
  </testcase> <!-- @AfterMethod getResult -->
  <testcase name="@AfterMethod getResult" time="0.0" classname="Driver_Started.Hiremee_Smoke_Test_Driver_Initial">
    <skipped/>
  </testcase> <!-- @AfterMethod getResult -->
  <testcase name="@AfterMethod getResult" time="0.0" classname="Driver_Started.Hiremee_Smoke_Test_Driver_Initial">
    <skipped/>
  </testcase> <!-- @AfterMethod getResult -->
  <testcase name="@AfterMethod getResult" time="0.0" classname="Driver_Started.Hiremee_Smoke_Test_Driver_Initial">
    <skipped/>
  </testcase> <!-- @AfterMethod getResult -->
  <testcase name="@AfterMethod getResult" time="0.0" classname="Driver_Started.Hiremee_Smoke_Test_Driver_Initial">
    <skipped/>
  </testcase> <!-- @AfterMethod getResult -->
  <testcase name="@AfterMethod getResult" time="0.0" classname="Driver_Started.Hiremee_Smoke_Test_Driver_Initial">
    <skipped/>
  </testcase> <!-- @AfterMethod getResult -->
  <testcase name="@AfterMethod getResult" time="0.0" classname="Driver_Started.Hiremee_Smoke_Test_Driver_Initial">
    <skipped/>
  </testcase> <!-- @AfterMethod getResult -->
  <testcase name="@AfterMethod getResult" time="0.0" classname="Driver_Started.Hiremee_Smoke_Test_Driver_Initial">
    <skipped/>
  </testcase> <!-- @AfterMethod getResult -->
  <testcase name="@AfterMethod getResult" time="0.0" classname="Driver_Started.Hiremee_Smoke_Test_Driver_Initial">
    <skipped/>
  </testcase> <!-- @AfterMethod getResult -->
  <testcase name="@AfterMethod getResult" time="0.0" classname="Driver_Started.Hiremee_Smoke_Test_Driver_Initial">
    <skipped/>
  </testcase> <!-- @AfterMethod getResult -->
  <testcase name="@AfterMethod getResult" time="0.0" classname="Driver_Started.Hiremee_Smoke_Test_Driver_Initial">
    <skipped/>
  </testcase> <!-- @AfterMethod getResult -->
  <testcase name="@AfterMethod getResult" time="0.0" classname="Driver_Started.Hiremee_Smoke_Test_Driver_Initial">
    <skipped/>
  </testcase> <!-- @AfterMethod getResult -->
  <testcase name="@AfterMethod getResult" time="0.0" classname="Driver_Started.Hiremee_Smoke_Test_Driver_Initial">
    <skipped/>
  </testcase> <!-- @AfterMethod getResult -->
  <testcase name="@AfterMethod getResult" time="0.0" classname="Driver_Started.Hiremee_Smoke_Test_Driver_Initial">
    <skipped/>
  </testcase> <!-- @AfterMethod getResult -->
  <testcase name="@AfterMethod getResult" time="0.0" classname="Driver_Started.Hiremee_Smoke_Test_Driver_Initial">
    <skipped/>
  </testcase> <!-- @AfterMethod getResult -->
  <testcase name="@AfterMethod getResult" time="0.0" classname="Driver_Started.Hiremee_Smoke_Test_Driver_Initial">
    <skipped/>
  </testcase> <!-- @AfterMethod getResult -->
  <testcase name="@AfterMethod getResult" time="0.0" classname="Driver_Started.Hiremee_Smoke_Test_Driver_Initial">
    <skipped/>
  </testcase> <!-- @AfterMethod getResult -->
  <testcase name="@AfterTest driver_close" time="0.0" classname="Driver_Started.Hiremee_Smoke_Test_Driver_Initial">
    <skipped/>
  </testcase> <!-- @AfterTest driver_close -->
  <testcase name="Hiremee_Automation_candidate_module_Home_page" time="0.0" classname="Driver_Started.Hiremee_Smoke_Test_Driver_Initial">
    <skipped/>
  </testcase> <!-- Hiremee_Automation_candidate_module_Home_page -->
  <testcase name="Hiremee_Automation_candidate_module_login_page" time="0.0" classname="Driver_Started.Hiremee_Smoke_Test_Driver_Initial">
    <skipped/>
  </testcase> <!-- Hiremee_Automation_candidate_module_login_page -->
  <testcase name="Hiremee_Automation_candidate_module_Dashboard_page" time="0.0" classname="Driver_Started.Hiremee_Smoke_Test_Driver_Initial">
    <skipped/>
  </testcase> <!-- Hiremee_Automation_candidate_module_Dashboard_page -->
  <testcase name="Hiremee_Automation_candidate_module_Myprofile_page" time="0.0" classname="Driver_Started.Hiremee_Smoke_Test_Driver_Initial">
    <skipped/>
  </testcase> <!-- Hiremee_Automation_candidate_module_Myprofile_page -->
  <testcase name="Hiremee_Automation_candidate_module_Take_Online_Assessment_page" time="0.0" classname="Driver_Started.Hiremee_Smoke_Test_Driver_Initial">
    <skipped/>
  </testcase> <!-- Hiremee_Automation_candidate_module_Take_Online_Assessment_page -->
  <testcase name="Hiremee_Automation_candidate_module_Mock_Assessment_page" time="0.0" classname="Driver_Started.Hiremee_Smoke_Test_Driver_Initial">
    <skipped/>
  </testcase> <!-- Hiremee_Automation_candidate_module_Mock_Assessment_page -->
  <testcase name="Hiremee_Automation_candidate_module_Teke_Mock_Assessment_page" time="0.0" classname="Driver_Started.Hiremee_Smoke_Test_Driver_Initial">
    <skipped/>
  </testcase> <!-- Hiremee_Automation_candidate_module_Teke_Mock_Assessment_page -->
  <testcase name="Hiremee_Automation_candidate_Recruiter_Measage_page" time="0.0" classname="Driver_Started.Hiremee_Smoke_Test_Driver_Initial">
    <skipped/>
  </testcase> <!-- Hiremee_Automation_candidate_Recruiter_Measage_page -->
  <testcase name="Hiremee_Automation_candidate_Current_openings_page" time="0.0" classname="Driver_Started.Hiremee_Smoke_Test_Driver_Initial">
    <skipped/>
  </testcase> <!-- Hiremee_Automation_candidate_Current_openings_page -->
  <testcase name="Hiremee_Automation_candidate_Current_walkins_page" time="0.0" classname="Driver_Started.Hiremee_Smoke_Test_Driver_Initial">
    <skipped/>
  </testcase> <!-- Hiremee_Automation_candidate_Current_walkins_page -->
  <testcase name="Hiremee_Automation_candidate_job_page" time="0.0" classname="Driver_Started.Hiremee_Smoke_Test_Driver_Initial">
    <skipped/>
  </testcase> <!-- Hiremee_Automation_candidate_job_page -->
  <testcase name="Hiremee_Automation_candidate_search_job_page" time="0.0" classname="Driver_Started.Hiremee_Smoke_Test_Driver_Initial">
    <skipped/>
  </testcase> <!-- Hiremee_Automation_candidate_search_job_page -->
  <testcase name="Hiremee_Automation_candidate_Applied_job_page" time="0.0" classname="Driver_Started.Hiremee_Smoke_Test_Driver_Initial">
    <skipped/>
  </testcase> <!-- Hiremee_Automation_candidate_Applied_job_page -->
  <testcase name="Hiremee_Automation_candidate_Recommended_job_page" time="0.0" classname="Driver_Started.Hiremee_Smoke_Test_Driver_Initial">
    <skipped/>
  </testcase> <!-- Hiremee_Automation_candidate_Recommended_job_page -->
  <testcase name="Hiremee_Automation_candidate_Invite_Friends_page" time="0.0" classname="Driver_Started.Hiremee_Smoke_Test_Driver_Initial">
    <skipped/>
  </testcase> <!-- Hiremee_Automation_candidate_Invite_Friends_page -->
  <testcase name="Hiremee_Automation_candidate_FAQ_page" time="0.0" classname="Driver_Started.Hiremee_Smoke_Test_Driver_Initial">
    <skipped/>
  </testcase> <!-- Hiremee_Automation_candidate_FAQ_page -->
  <testcase name="Hiremee_Automation_candidate_Feedback_page" time="0.0" classname="Driver_Started.Hiremee_Smoke_Test_Driver_Initial">
    <skipped/>
  </testcase> <!-- Hiremee_Automation_candidate_Feedback_page -->
  <testcase name="Hiremee_Automation_candidate_Change_Password_page" time="0.0" classname="Driver_Started.Hiremee_Smoke_Test_Driver_Initial">
    <skipped/>
  </testcase> <!-- Hiremee_Automation_candidate_Change_Password_page -->
  <testcase name="Hiremee_Automation_candidate_logout_page" time="0.0" classname="Driver_Started.Hiremee_Smoke_Test_Driver_Initial">
    <skipped/>
  </testcase> <!-- Hiremee_Automation_candidate_logout_page -->
  <testcase name="Hiremee_Automation_college_Home_page" time="0.0" classname="Driver_Started.Hiremee_Smoke_Test_Driver_Initial">
    <skipped/>
  </testcase> <!-- Hiremee_Automation_college_Home_page -->
  <testcase name="Hiremee_Automation_college_login_page" time="0.0" classname="Driver_Started.Hiremee_Smoke_Test_Driver_Initial">
    <skipped/>
  </testcase> <!-- Hiremee_Automation_college_login_page -->
  <testcase name="Hiremee_Automation_college_dashboard_page" time="0.0" classname="Driver_Started.Hiremee_Smoke_Test_Driver_Initial">
    <skipped/>
  </testcase> <!-- Hiremee_Automation_college_dashboard_page -->
  <testcase name="Hiremee_Automation_college_Profile_page" time="0.0" classname="Driver_Started.Hiremee_Smoke_Test_Driver_Initial">
    <skipped/>
  </testcase> <!-- Hiremee_Automation_college_Profile_page -->
  <testcase name="Hiremee_Automation_college_Registered_Students_page" time="0.0" classname="Driver_Started.Hiremee_Smoke_Test_Driver_Initial">
    <skipped/>
  </testcase> <!-- Hiremee_Automation_college_Registered_Students_page -->
  <testcase name="Hiremee_Automation_college_Upload_Students_page" time="0.0" classname="Driver_Started.Hiremee_Smoke_Test_Driver_Initial">
    <skipped/>
  </testcase> <!-- Hiremee_Automation_college_Upload_Students_page -->
  <testcase name="Hiremee_Automation_college_Student_Assessment_Result_page" time="0.0" classname="Driver_Started.Hiremee_Smoke_Test_Driver_Initial">
    <skipped/>
  </testcase> <!-- Hiremee_Automation_college_Student_Assessment_Result_page -->
  <testcase name="Hiremee_Automation_college_FAQ_page" time="0.0" classname="Driver_Started.Hiremee_Smoke_Test_Driver_Initial">
    <skipped/>
  </testcase> <!-- Hiremee_Automation_college_FAQ_page -->
  <testcase name="Hiremee_Automation_college_Feedback_page" time="0.0" classname="Driver_Started.Hiremee_Smoke_Test_Driver_Initial">
    <skipped/>
  </testcase> <!-- Hiremee_Automation_college_Feedback_page -->
  <testcase name="Hiremee_Automation_college_change_Password_page" time="0.0" classname="Driver_Started.Hiremee_Smoke_Test_Driver_Initial">
    <skipped/>
  </testcase> <!-- Hiremee_Automation_college_change_Password_page -->
  <testcase name="Hiremee_Automation_college_Logout_page" time="0.0" classname="Driver_Started.Hiremee_Smoke_Test_Driver_Initial">
    <skipped/>
  </testcase> <!-- Hiremee_Automation_college_Logout_page -->
  <testcase name="Hiremee_Automation_company_Home_page" time="0.0" classname="Driver_Started.Hiremee_Smoke_Test_Driver_Initial">
    <skipped/>
  </testcase> <!-- Hiremee_Automation_company_Home_page -->
  <testcase name="Hiremee_Automation_company_login_page" time="0.0" classname="Driver_Started.Hiremee_Smoke_Test_Driver_Initial">
    <skipped/>
  </testcase> <!-- Hiremee_Automation_company_login_page -->
  <testcase name="Hiremee_Automation_company_dashboard_page" time="0.0" classname="Driver_Started.Hiremee_Smoke_Test_Driver_Initial">
    <skipped/>
  </testcase> <!-- Hiremee_Automation_company_dashboard_page -->
  <testcase name="Hiremee_Automation_company_Recruiter_page" time="0.0" classname="Driver_Started.Hiremee_Smoke_Test_Driver_Initial">
    <skipped/>
  </testcase> <!-- Hiremee_Automation_company_Recruiter_page -->
  <testcase name="Hiremee_Automation_company_Registered_Recruiter_page" time="0.0" classname="Driver_Started.Hiremee_Smoke_Test_Driver_Initial">
    <skipped/>
  </testcase> <!-- Hiremee_Automation_company_Registered_Recruiter_page -->
  <testcase name="Hiremee_Automation_company_Invited_Recruiter_page" time="0.0" classname="Driver_Started.Hiremee_Smoke_Test_Driver_Initial">
    <skipped/>
  </testcase> <!-- Hiremee_Automation_company_Invited_Recruiter_page -->
  <testcase name="Hiremee_Automation_company_candidate_page" time="0.0" classname="Driver_Started.Hiremee_Smoke_Test_Driver_Initial">
    <skipped/>
  </testcase> <!-- Hiremee_Automation_company_candidate_page -->
  <testcase name="Hiremee_Automation_company_All_candidate_page" time="0.0" classname="Driver_Started.Hiremee_Smoke_Test_Driver_Initial">
    <skipped/>
  </testcase> <!-- Hiremee_Automation_company_All_candidate_page -->
  <testcase name="Hiremee_Automation_company_Shortlisted_candidate_page" time="0.0" classname="Driver_Started.Hiremee_Smoke_Test_Driver_Initial">
    <skipped/>
  </testcase> <!-- Hiremee_Automation_company_Shortlisted_candidate_page -->
  <testcase name="Hiremee_Automation_company_Invited_candidate_page" time="0.0" classname="Driver_Started.Hiremee_Smoke_Test_Driver_Initial">
    <skipped/>
  </testcase> <!-- Hiremee_Automation_company_Invited_candidate_page -->
  <testcase name="Hiremee_Automation_company_Hired_candidate_page" time="0.0" classname="Driver_Started.Hiremee_Smoke_Test_Driver_Initial">
    <skipped/>
  </testcase> <!-- Hiremee_Automation_company_Hired_candidate_page -->
  <testcase name="Hiremee_Automation_company_Job_page" time="0.0" classname="Driver_Started.Hiremee_Smoke_Test_Driver_Initial">
    <skipped/>
  </testcase> <!-- Hiremee_Automation_company_Job_page -->
  <testcase name="Hiremee_Automation_company_Posted_Job_page" time="0.0" classname="Driver_Started.Hiremee_Smoke_Test_Driver_Initial">
    <skipped/>
  </testcase> <!-- Hiremee_Automation_company_Posted_Job_page -->
  <testcase name="Hiremee_Automation_company_Application_Job_page" time="0.0" classname="Driver_Started.Hiremee_Smoke_Test_Driver_Initial">
    <skipped/>
  </testcase> <!-- Hiremee_Automation_company_Application_Job_page -->
  <testcase name="Hiremee_Automation_company_Post_Job_page" time="0.0" classname="Driver_Started.Hiremee_Smoke_Test_Driver_Initial">
    <skipped/>
  </testcase> <!-- Hiremee_Automation_company_Post_Job_page -->
  <testcase name="Hiremee_Automation_company_Search_candidate_page" time="0.0" classname="Driver_Started.Hiremee_Smoke_Test_Driver_Initial">
    <skipped/>
  </testcase> <!-- Hiremee_Automation_company_Search_candidate_page -->
  <testcase name="Hiremee_Automation_company_Email_Template_page" time="0.0" classname="Driver_Started.Hiremee_Smoke_Test_Driver_Initial">
    <skipped/>
  </testcase> <!-- Hiremee_Automation_company_Email_Template_page -->
  <testcase name="Hiremee_Automation_company_FAQ_page" time="0.0" classname="Driver_Started.Hiremee_Smoke_Test_Driver_Initial">
    <skipped/>
  </testcase> <!-- Hiremee_Automation_company_FAQ_page -->
  <testcase name="Hiremee_Automation_company_Feedback_page" time="0.0" classname="Driver_Started.Hiremee_Smoke_Test_Driver_Initial">
    <skipped/>
  </testcase> <!-- Hiremee_Automation_company_Feedback_page -->
  <testcase name="Hiremee_Automation_company_Profile_page" time="0.0" classname="Driver_Started.Hiremee_Smoke_Test_Driver_Initial">
    <skipped/>
  </testcase> <!-- Hiremee_Automation_company_Profile_page -->
  <testcase name="Hiremee_Automation_company_Change_Password_page" time="0.0" classname="Driver_Started.Hiremee_Smoke_Test_Driver_Initial">
    <skipped/>
  </testcase> <!-- Hiremee_Automation_company_Change_Password_page -->
  <testcase name="Hiremee_Automation_company_Logout_page" time="0.0" classname="Driver_Started.Hiremee_Smoke_Test_Driver_Initial">
    <skipped/>
  </testcase> <!-- Hiremee_Automation_company_Logout_page -->
  <testcase name="Hiremee_Automation_Recruiter_Home_page" time="0.0" classname="Driver_Started.Hiremee_Smoke_Test_Driver_Initial">
    <skipped/>
  </testcase> <!-- Hiremee_Automation_Recruiter_Home_page -->
  <testcase name="Hiremee_Automation_Recruiter_Login_page" time="0.0" classname="Driver_Started.Hiremee_Smoke_Test_Driver_Initial">
    <skipped/>
  </testcase> <!-- Hiremee_Automation_Recruiter_Login_page -->
  <testcase name="Hiremee_Automation_Recruiter_Dashboard_page" time="0.0" classname="Driver_Started.Hiremee_Smoke_Test_Driver_Initial">
    <skipped/>
  </testcase> <!-- Hiremee_Automation_Recruiter_Dashboard_page -->
  <testcase name="Hiremee_Automation_Recruiter_candidate_page" time="0.0" classname="Driver_Started.Hiremee_Smoke_Test_Driver_Initial">
    <skipped/>
  </testcase> <!-- Hiremee_Automation_Recruiter_candidate_page -->
  <testcase name="Hiremee_Automation_Recruiter_All_candidate_page" time="0.0" classname="Driver_Started.Hiremee_Smoke_Test_Driver_Initial">
    <skipped/>
  </testcase> <!-- Hiremee_Automation_Recruiter_All_candidate_page -->
  <testcase name="Hiremee_Automation_Recruiter_Shortlisted_candidate_page" time="0.0" classname="Driver_Started.Hiremee_Smoke_Test_Driver_Initial">
    <skipped/>
  </testcase> <!-- Hiremee_Automation_Recruiter_Shortlisted_candidate_page -->
  <testcase name="Hiremee_Automation_Recruiter_Invited_candidate_page" time="0.0" classname="Driver_Started.Hiremee_Smoke_Test_Driver_Initial">
    <skipped/>
  </testcase> <!-- Hiremee_Automation_Recruiter_Invited_candidate_page -->
  <testcase name="Hiremee_Automation_Recruiter_Hired_candidate_page" time="0.0" classname="Driver_Started.Hiremee_Smoke_Test_Driver_Initial">
    <skipped/>
  </testcase> <!-- Hiremee_Automation_Recruiter_Hired_candidate_page -->
  <testcase name="Hiremee_Automation_Recruiter_Jobs_page" time="0.0" classname="Driver_Started.Hiremee_Smoke_Test_Driver_Initial">
    <skipped/>
  </testcase> <!-- Hiremee_Automation_Recruiter_Jobs_page -->
  <testcase name="Hiremee_Automation_Recruiter_Posted_Jobs_page" time="0.0" classname="Driver_Started.Hiremee_Smoke_Test_Driver_Initial">
    <skipped/>
  </testcase> <!-- Hiremee_Automation_Recruiter_Posted_Jobs_page -->
  <testcase name="Hiremee_Automation_Recruiter_Application_Jobs_page" time="0.0" classname="Driver_Started.Hiremee_Smoke_Test_Driver_Initial">
    <skipped/>
  </testcase> <!-- Hiremee_Automation_Recruiter_Application_Jobs_page -->
  <testcase name="Hiremee_Automation_Recruiter_Post_Jobs_page" time="0.0" classname="Driver_Started.Hiremee_Smoke_Test_Driver_Initial">
    <skipped/>
  </testcase> <!-- Hiremee_Automation_Recruiter_Post_Jobs_page -->
  <testcase name="Hiremee_Automation_Recruiter_Search_candidate_page" time="0.0" classname="Driver_Started.Hiremee_Smoke_Test_Driver_Initial">
    <skipped/>
  </testcase> <!-- Hiremee_Automation_Recruiter_Search_candidate_page -->
  <testcase name="Hiremee_Automation_Recruiter_Email_Template_page" time="0.0" classname="Driver_Started.Hiremee_Smoke_Test_Driver_Initial">
    <skipped/>
  </testcase> <!-- Hiremee_Automation_Recruiter_Email_Template_page -->
  <testcase name="Hiremee_Automation_Recruiter_FAQ_page" time="0.0" classname="Driver_Started.Hiremee_Smoke_Test_Driver_Initial">
    <skipped/>
  </testcase> <!-- Hiremee_Automation_Recruiter_FAQ_page -->
  <testcase name="Hiremee_Automation_Recruiter_Feedback_page" time="0.0" classname="Driver_Started.Hiremee_Smoke_Test_Driver_Initial">
    <skipped/>
  </testcase> <!-- Hiremee_Automation_Recruiter_Feedback_page -->
  <testcase name="Hiremee_Automation_Recruiter_Profile_page" time="0.0" classname="Driver_Started.Hiremee_Smoke_Test_Driver_Initial">
    <skipped/>
  </testcase> <!-- Hiremee_Automation_Recruiter_Profile_page -->
  <testcase name="Hiremee_Automation_Recruiter_Change_Password_page" time="0.0" classname="Driver_Started.Hiremee_Smoke_Test_Driver_Initial">
    <skipped/>
  </testcase> <!-- Hiremee_Automation_Recruiter_Change_Password_page -->
  <testcase name="Hiremee_Automation_Recruiter_Logout_page" time="0.0" classname="Driver_Started.Hiremee_Smoke_Test_Driver_Initial">
    <skipped/>
  </testcase> <!-- Hiremee_Automation_Recruiter_Logout_page -->
  <testcase name="Hiremee_Cms_Home_Testcase" time="0.0" classname="Driver_Started.Hiremee_Smoke_Test_Driver_Initial">
    <skipped/>
  </testcase> <!-- Hiremee_Cms_Home_Testcase -->
  <testcase name="Hiremee_Cms_overall_Login_modal_Testcase" time="0.0" classname="Driver_Started.Hiremee_Smoke_Test_Driver_Initial">
    <skipped/>
  </testcase> <!-- Hiremee_Cms_overall_Login_modal_Testcase -->
  <testcase name="Hiremee_Cms_i_am_a_student_Testcase" time="0.0" classname="Driver_Started.Hiremee_Smoke_Test_Driver_Initial">
    <skipped/>
  </testcase> <!-- Hiremee_Cms_i_am_a_student_Testcase -->
  <testcase name="Hiremee_Cms_i_am_a_college_Testcase" time="0.0" classname="Driver_Started.Hiremee_Smoke_Test_Driver_Initial">
    <skipped/>
  </testcase> <!-- Hiremee_Cms_i_am_a_college_Testcase -->
  <testcase name="Hiremee_Cms_i_am_a_company_Testcase" time="0.0" classname="Driver_Started.Hiremee_Smoke_Test_Driver_Initial">
    <skipped/>
  </testcase> <!-- Hiremee_Cms_i_am_a_company_Testcase -->
  <testcase name="Hiremee_Cms_Hiremee_logo_Testcase" time="0.0" classname="Driver_Started.Hiremee_Smoke_Test_Driver_Initial">
    <skipped/>
  </testcase> <!-- Hiremee_Cms_Hiremee_logo_Testcase -->
  <testcase name="Hiremee_Cms_Hiremee_app_Testcase" time="0.0" classname="Driver_Started.Hiremee_Smoke_Test_Driver_Initial">
    <skipped/>
  </testcase> <!-- Hiremee_Cms_Hiremee_app_Testcase -->
  <testcase name="Hiremee_Cms_company_quick_link_Testcase" time="0.0" classname="Driver_Started.Hiremee_Smoke_Test_Driver_Initial">
    <skipped/>
  </testcase> <!-- Hiremee_Cms_company_quick_link_Testcase -->
  <testcase name="Hiremee_Cms_college_quick_link_Testcase" time="0.0" classname="Driver_Started.Hiremee_Smoke_Test_Driver_Initial">
    <skipped/>
  </testcase> <!-- Hiremee_Cms_college_quick_link_Testcase -->
  <testcase name="Hiremee_Cms_candidate_quick_link_Testcase" time="0.0" classname="Driver_Started.Hiremee_Smoke_Test_Driver_Initial">
    <skipped/>
  </testcase> <!-- Hiremee_Cms_candidate_quick_link_Testcase -->
  <testcase name="Hiremee_Cms_Events_quick_link_Testcase" time="0.0" classname="Driver_Started.Hiremee_Smoke_Test_Driver_Initial">
    <skipped/>
  </testcase> <!-- Hiremee_Cms_Events_quick_link_Testcase -->
  <testcase name="Hiremee_Cms_Blogs_quick_link_Testcase" time="0.0" classname="Driver_Started.Hiremee_Smoke_Test_Driver_Initial">
    <skipped/>
  </testcase> <!-- Hiremee_Cms_Blogs_quick_link_Testcase -->
  <testcase name="Hiremee_Cms_Media_quick_link_Testcase" time="0.0" classname="Driver_Started.Hiremee_Smoke_Test_Driver_Initial">
    <skipped/>
  </testcase> <!-- Hiremee_Cms_Media_quick_link_Testcase -->
  <testcase name="Hiremee_Cms_Contact_us_quick_link_Testcase" time="0.0" classname="Driver_Started.Hiremee_Smoke_Test_Driver_Initial">
    <skipped/>
  </testcase> <!-- Hiremee_Cms_Contact_us_quick_link_Testcase -->
  <testcase name="Hiremee_Cms_About_us_quick_link_Testcase" time="0.0" classname="Driver_Started.Hiremee_Smoke_Test_Driver_Initial">
    <skipped/>
  </testcase> <!-- Hiremee_Cms_About_us_quick_link_Testcase -->
  <testcase name="Hiremee_Cms_FAQ_quick_link_Testcase" time="0.0" classname="Driver_Started.Hiremee_Smoke_Test_Driver_Initial">
    <skipped/>
  </testcase> <!-- Hiremee_Cms_FAQ_quick_link_Testcase -->
  <testcase name="Hiremee_Cms_Sitemap_quick_link_Testcase" time="0.0" classname="Driver_Started.Hiremee_Smoke_Test_Driver_Initial">
    <skipped/>
  </testcase> <!-- Hiremee_Cms_Sitemap_quick_link_Testcase -->
  <testcase name="Hiremee_Cms_Terms_use_quick_link_Testcase" time="0.0" classname="Driver_Started.Hiremee_Smoke_Test_Driver_Initial">
    <skipped/>
  </testcase> <!-- Hiremee_Cms_Terms_use_quick_link_Testcase -->
  <testcase name="Hiremee_Cms_Privacy_policy_quick_link_Testcase" time="0.0" classname="Driver_Started.Hiremee_Smoke_Test_Driver_Initial">
    <skipped/>
  </testcase> <!-- Hiremee_Cms_Privacy_policy_quick_link_Testcase -->
  <testcase name="Hiremee_Cms_Testnomials_quick_link_Testcase" time="0.0" classname="Driver_Started.Hiremee_Smoke_Test_Driver_Initial">
    <skipped/>
  </testcase> <!-- Hiremee_Cms_Testnomials_quick_link_Testcase -->
  <testcase name="Hiremee_Cms_Carieer_quick_link_Testcase" time="0.0" classname="Driver_Started.Hiremee_Smoke_Test_Driver_Initial">
    <skipped/>
  </testcase> <!-- Hiremee_Cms_Carieer_quick_link_Testcase -->
  <testcase name="Hiremee_home_Testcase" time="0.0" classname="Driver_Started.Hiremee_Smoke_Test_Driver_Initial">
    <skipped/>
  </testcase> <!-- Hiremee_home_Testcase -->
  <testcase name="Hiremee_job_Testcase" time="0.0" classname="Driver_Started.Hiremee_Smoke_Test_Driver_Initial">
    <skipped/>
  </testcase> <!-- Hiremee_job_Testcase -->
  <testcase name="Hiremee_job_Hiremee_app_link_Testcase" time="0.0" classname="Driver_Started.Hiremee_Smoke_Test_Driver_Initial">
    <skipped/>
  </testcase> <!-- Hiremee_job_Hiremee_app_link_Testcase -->
  <testcase name="Hiremee_job_View_apply_Testcase" time="0.0" classname="Driver_Started.Hiremee_Smoke_Test_Driver_Initial">
    <skipped/>
  </testcase> <!-- Hiremee_job_View_apply_Testcase -->
  <testcase name="Hiremee_job_Home_Icon_Testcase" time="0.0" classname="Driver_Started.Hiremee_Smoke_Test_Driver_Initial">
    <skipped/>
  </testcase> <!-- Hiremee_job_Home_Icon_Testcase -->
  <testcase name="Hiremee_job_Jobs_Icon_Tescase" time="0.0" classname="Driver_Started.Hiremee_Smoke_Test_Driver_Initial">
    <skipped/>
  </testcase> <!-- Hiremee_job_Jobs_Icon_Tescase -->
  <testcase name="Hiremee_Web_pro_Home_Testcase" time="0.0" classname="Driver_Started.Hiremee_Smoke_Test_Driver_Initial">
    <skipped/>
  </testcase> <!-- Hiremee_Web_pro_Home_Testcase -->
  <testcase name="Hiremee_Web_pro_Login_Testcase" time="0.0" classname="Driver_Started.Hiremee_Smoke_Test_Driver_Initial">
    <skipped/>
  </testcase> <!-- Hiremee_Web_pro_Login_Testcase -->
  <testcase name="Hiremee_Web_pro_Dashboard_Testcase" time="0.0" classname="Driver_Started.Hiremee_Smoke_Test_Driver_Initial">
    <skipped/>
  </testcase> <!-- Hiremee_Web_pro_Dashboard_Testcase -->
  <testcase name="Hiremee_Web_pro_Purchase_Assessment_Testcase" time="0.0" classname="Driver_Started.Hiremee_Smoke_Test_Driver_Initial">
    <skipped/>
  </testcase> <!-- Hiremee_Web_pro_Purchase_Assessment_Testcase -->
  <testcase name="Hiremee_Web_pro_Manage_Assessment_Testcase" time="0.0" classname="Driver_Started.Hiremee_Smoke_Test_Driver_Initial">
    <skipped/>
  </testcase> <!-- Hiremee_Web_pro_Manage_Assessment_Testcase -->
  <testcase name="Hiremee_Web_pro_Manage_Assessment_manage_pools_Testcase" time="0.0" classname="Driver_Started.Hiremee_Smoke_Test_Driver_Initial">
    <skipped/>
  </testcase> <!-- Hiremee_Web_pro_Manage_Assessment_manage_pools_Testcase -->
  <testcase name="Hiremee_Web_pro_Manage_Assessment_manage_Questions_Testcase" time="0.0" classname="Driver_Started.Hiremee_Smoke_Test_Driver_Initial">
    <skipped/>
  </testcase> <!-- Hiremee_Web_pro_Manage_Assessment_manage_Questions_Testcase -->
  <testcase name="Hiremee_Web_pro_Manage_Assessment_my_Questions_Testcase" time="0.0" classname="Driver_Started.Hiremee_Smoke_Test_Driver_Initial">
    <skipped/>
  </testcase> <!-- Hiremee_Web_pro_Manage_Assessment_my_Questions_Testcase -->
  <testcase name="Hiremee_Web_pro_Manage_Assessment_myot_Testcase" time="0.0" classname="Driver_Started.Hiremee_Smoke_Test_Driver_Initial">
    <skipped/>
  </testcase> <!-- Hiremee_Web_pro_Manage_Assessment_myot_Testcase -->
  <testcase name="Hiremee_Web_pro_Book_Assessment_Testcase" time="0.0" classname="Driver_Started.Hiremee_Smoke_Test_Driver_Initial">
    <skipped/>
  </testcase> <!-- Hiremee_Web_pro_Book_Assessment_Testcase -->
  <testcase name="Hiremee_Web_pro_Book_Assessment_Upload_candidates_Testcase" time="0.0" classname="Driver_Started.Hiremee_Smoke_Test_Driver_Initial">
    <skipped/>
  </testcase> <!-- Hiremee_Web_pro_Book_Assessment_Upload_candidates_Testcase -->
  <testcase name="Hiremee_Web_pro_Manage_candidates_Testcase" time="0.0" classname="Driver_Started.Hiremee_Smoke_Test_Driver_Initial">
    <skipped/>
  </testcase> <!-- Hiremee_Web_pro_Manage_candidates_Testcase -->
  <testcase name="Hiremee_Web_pro_Manage_candidates_invite_pendings_Testcase" time="0.0" classname="Driver_Started.Hiremee_Smoke_Test_Driver_Initial">
    <skipped/>
  </testcase> <!-- Hiremee_Web_pro_Manage_candidates_invite_pendings_Testcase -->
  <testcase name="Hiremee_Web_pro_Manage_candidates_invite_sends_Testcase" time="0.0" classname="Driver_Started.Hiremee_Smoke_Test_Driver_Initial">
    <skipped/>
  </testcase> <!-- Hiremee_Web_pro_Manage_candidates_invite_sends_Testcase -->
  <testcase name="Hiremee_Web_pro_Manage_candidates_Test_started_Testcase" time="0.0" classname="Driver_Started.Hiremee_Smoke_Test_Driver_Initial">
    <skipped/>
  </testcase> <!-- Hiremee_Web_pro_Manage_candidates_Test_started_Testcase -->
  <testcase name="Hiremee_Web_pro_Manage_candidates_Test_Expired_Testcase" time="0.0" classname="Driver_Started.Hiremee_Smoke_Test_Driver_Initial">
    <skipped/>
  </testcase> <!-- Hiremee_Web_pro_Manage_candidates_Test_Expired_Testcase -->
  <testcase name="Hiremee_Web_pro_Vew_Result_Testcase" time="0.0" classname="Driver_Started.Hiremee_Smoke_Test_Driver_Initial">
    <skipped/>
  </testcase> <!-- Hiremee_Web_pro_Vew_Result_Testcase -->
  <testcase name="Hiremee_Web_pro_Logout_Testcase" time="0.0" classname="Driver_Started.Hiremee_Smoke_Test_Driver_Initial">
    <skipped/>
  </testcase> <!-- Hiremee_Web_pro_Logout_Testcase -->
</testsuite> <!-- Default test -->
