<?xml version="1.0" encoding="UTF-8"?>
<!-- Generated by org.testng.reporters.JUnitXMLReporter -->
<testsuite hostname="V2IT01" ignored="0" name="Automation Testing" tests="15" failures="0" timestamp="29 Mar 2019 14:02:45 GMT" time="178.428" errors="0">
  <testcase name="Candidate_Assessment_Exam_Center_Testcase" time="4.151" classname="Driver_Started_Candidate_Module.Candidate_Driver_Class"/>
  <testcase name="Candidate_pooled_campus_registration_Testcase" time="10.989" classname="Driver_Started_Candidate_Module.Candidate_Driver_Class"/>
  <testcase name="Candidate_Assessment_Usermapping_Testcase" time="12.439" classname="Driver_Started_Candidate_Module.Candidate_Driver_Class"/>
  <testcase name="Candidate_Assessment_Exam_Testcase" time="19.512" classname="Driver_Started_Candidate_Module.Candidate_Driver_Class"/>
  <testcase name="Candidate_login_Testcase" time="11.165" classname="Driver_Started_Candidate_Module.Candidate_Driver_Class"/>
  <testcase name="Candidate_Myprofile_Testcase" time="33.287" classname="Driver_Started_Candidate_Module.Candidate_Driver_Class"/>
  <testcase name="Candidate_Takeonline_Assessment_Testcase" time="7.849" classname="Driver_Started_Candidate_Module.Candidate_Driver_Class"/>
  <testcase name="Candidate_Mock_assessment_testcase" time="8.273" classname="Driver_Started_Candidate_Module.Candidate_Driver_Class"/>
  <testcase name="Candidate_Current_openings_testcase" time="10.856" classname="Driver_Started_Candidate_Module.Candidate_Driver_Class"/>
  <testcase name="Candidate_Current_Walkins_testcase" time="10.182" classname="Driver_Started_Candidate_Module.Candidate_Driver_Class"/>
  <testcase name="Candidate_Search_jobs_testcase" time="10.719" classname="Driver_Started_Candidate_Module.Candidate_Driver_Class"/>
  <testcase name="Candidate_Applied_jobs_testcase" time="9.345" classname="Driver_Started_Candidate_Module.Candidate_Driver_Class"/>
  <testcase name="Candidate_Invite_friends_testcase" time="10.939" classname="Driver_Started_Candidate_Module.Candidate_Driver_Class"/>
  <testcase name="Candidate_feedback_and_logout_Testcase" time="7.164" classname="Driver_Started_Candidate_Module.Candidate_Driver_Class"/>
  <testcase name="Candidate_Change_Password_testcase" time="6.641" classname="Driver_Started_Candidate_Module.Candidate_Driver_Class"/>
</testsuite> <!-- Automation Testing -->
