<?xml version="1.0" encoding="UTF-8"?>
<!-- Generated by org.testng.reporters.JUnitXMLReporter -->
<testsuite hostname="V2IT01" ignored="0" name="Automation_Testing_Firefox_Browser" tests="3" failures="0" timestamp="03 May 2019 11:21:02 GMT" time="39.563" errors="0">
  <testcase name="Hiremee_Automation_candidate_module_Home_page" time="6.053" classname="Driver_Started.Hiremee_Smoke_Test_Driver_Initial"/>
  <testcase name="Hiremee_Automation_candidate_module_login_page" time="10.092" classname="Driver_Started.Hiremee_Smoke_Test_Driver_Initial"/>
  <testcase name="Hiremee_Automation_candidate_module_Dashboard_page" time="1.401" classname="Driver_Started.Hiremee_Smoke_Test_Driver_Initial"/>
</testsuite> <!-- Automation_Testing_Firefox_Browser -->
