<?xml version="1.0" encoding="UTF-8"?>
<!-- Generated by org.testng.reporters.JUnitXMLReporter -->
<testsuite hostname="V2IT01" ignored="0" name="Automation_Testing_Chrome_Browser" tests="3" failures="0" timestamp="03 May 2019 11:16:37 GMT" time="37.807" errors="0">
  <testcase name="Hiremee_Automation_candidate_module_Home_page" time="8.144" classname="Driver_Started.Hiremee_Smoke_Test_Driver_Initial"/>
  <testcase name="Hiremee_Automation_candidate_module_login_page" time="12.423" classname="Driver_Started.Hiremee_Smoke_Test_Driver_Initial"/>
  <testcase name="Hiremee_Automation_candidate_module_Dashboard_page" time="1.071" classname="Driver_Started.Hiremee_Smoke_Test_Driver_Initial"/>
</testsuite> <!-- Automation_Testing_Chrome_Browser -->
