<?xml version="1.0" encoding="UTF-8"?>
<!-- Generated by org.testng.reporters.JUnitXMLReporter -->
<testsuite hostname="V2IT01" ignored="0" name="Automation_Testing" tests="18" failures="0" timestamp="29 Mar 2019 07:41:09 GMT" time="53.583" errors="0">
  <testcase name="Hiremee_Web_pro_Home_Testcase" time="4.919" classname="Driver_Started.Hiremee_Smoke_Test_Driver_Initial"/>
  <testcase name="Hiremee_Web_pro_Login_Testcase" time="15.804" classname="Driver_Started.Hiremee_Smoke_Test_Driver_Initial"/>
  <testcase name="Hiremee_Web_pro_Dashboard_Testcase" time="4.529" classname="Driver_Started.Hiremee_Smoke_Test_Driver_Initial"/>
  <testcase name="Hiremee_Web_pro_Purchase_Assessment_Testcase" time="1.13" classname="Driver_Started.Hiremee_Smoke_Test_Driver_Initial"/>
  <testcase name="Hiremee_Web_pro_Manage_Assessment_Testcase" time="0.443" classname="Driver_Started.Hiremee_Smoke_Test_Driver_Initial"/>
  <testcase name="Hiremee_Web_pro_Manage_Assessment_manage_pools_Testcase" time="2.199" classname="Driver_Started.Hiremee_Smoke_Test_Driver_Initial"/>
  <testcase name="Hiremee_Web_pro_Manage_Assessment_manage_Questions_Testcase" time="1.657" classname="Driver_Started.Hiremee_Smoke_Test_Driver_Initial"/>
  <testcase name="Hiremee_Web_pro_Manage_Assessment_my_Questions_Testcase" time="1.398" classname="Driver_Started.Hiremee_Smoke_Test_Driver_Initial"/>
  <testcase name="Hiremee_Web_pro_Manage_Assessment_myot_Testcase" time="1.075" classname="Driver_Started.Hiremee_Smoke_Test_Driver_Initial"/>
  <testcase name="Hiremee_Web_pro_Book_Assessment_Testcase" time="0.419" classname="Driver_Started.Hiremee_Smoke_Test_Driver_Initial"/>
  <testcase name="Hiremee_Web_pro_Book_Assessment_Upload_candidates_Testcase" time="1.704" classname="Driver_Started.Hiremee_Smoke_Test_Driver_Initial"/>
  <testcase name="Hiremee_Web_pro_Manage_candidates_Testcase" time="0.581" classname="Driver_Started.Hiremee_Smoke_Test_Driver_Initial"/>
  <testcase name="Hiremee_Web_pro_Manage_candidates_invite_pendings_Testcase" time="1.258" classname="Driver_Started.Hiremee_Smoke_Test_Driver_Initial"/>
  <testcase name="Hiremee_Web_pro_Manage_candidates_invite_sends_Testcase" time="1.178" classname="Driver_Started.Hiremee_Smoke_Test_Driver_Initial"/>
  <testcase name="Hiremee_Web_pro_Manage_candidates_Test_started_Testcase" time="0.92" classname="Driver_Started.Hiremee_Smoke_Test_Driver_Initial"/>
  <testcase name="Hiremee_Web_pro_Manage_candidates_Test_Expired_Testcase" time="1.022" classname="Driver_Started.Hiremee_Smoke_Test_Driver_Initial"/>
  <testcase name="Hiremee_Web_pro_Vew_Result_Testcase" time="1.216" classname="Driver_Started.Hiremee_Smoke_Test_Driver_Initial"/>
  <testcase name="Hiremee_Web_pro_Logout_Testcase" time="4.6" classname="Driver_Started.Hiremee_Smoke_Test_Driver_Initial"/>
</testsuite> <!-- Automation_Testing -->
