<?xml version="1.0" encoding="UTF-8"?>
<!-- Generated by org.testng.reporters.JUnitXMLReporter -->
<testsuite hostname="V2IT01" ignored="0" name="Automation_Testing" tests="3" failures="0" timestamp="29 Mar 2019 12:32:10 GMT" time="60.977" errors="0">
  <testcase name="Company_Login_Testcase" time="16.313" classname="Driver_Started_Company_Module.Driver_Class"/>
  <testcase name="Company_change_password_Testcase" time="15.013" classname="Driver_Started_Company_Module.Driver_Class"/>
  <testcase name="Company_feedback_TestCase" time="24.323" classname="Driver_Started_Company_Module.Driver_Class"/>
</testsuite> <!-- Automation_Testing -->
