<?xml version="1.0" encoding="UTF-8"?>
<testng-results skipped="0" failed="0" ignored="0" total="1" passed="1">
  <reporter-output>
  </reporter-output>
  <suite name="Default suite" duration-ms="227823" started-at="2019-04-12T13:16:49Z" finished-at="2019-04-12T13:20:37Z">
    <groups>
    </groups>
    <test name="Default test" duration-ms="227823" started-at="2019-04-12T13:16:49Z" finished-at="2019-04-12T13:20:37Z">
      <class name="Driver_Started_Candidate_Module.Candidate_Driver_Class">
        <test-method status="PASS" signature="startReport()[pri:0, instance:Driver_Started_Candidate_Module.Candidate_Driver_Class@5e5d171f]" name="startReport" is-config="true" duration-ms="1434" started-at="2019-04-12T13:16:48Z" finished-at="2019-04-12T13:16:49Z">
          <reporter-output>
          </reporter-output>
        </test-method> <!-- startReport -->
        <test-method status="PASS" signature="Start_driver()[pri:0, instance:Driver_Started_Candidate_Module.Candidate_Driver_Class@5e5d171f]" name="Start_driver" is-config="true" duration-ms="8477" started-at="2019-04-12T13:16:49Z" finished-at="2019-04-12T13:16:58Z">
          <reporter-output>
          </reporter-output>
        </test-method> <!-- Start_driver -->
        <test-method status="PASS" signature="Candidate_Assessment_Exam_Testcase()[pri:3, instance:Driver_Started_Candidate_Module.Candidate_Driver_Class@5e5d171f]" name="Candidate_Assessment_Exam_Testcase" duration-ms="215718" started-at="2019-04-12T13:16:58Z" finished-at="2019-04-12T13:20:34Z">
          <reporter-output>
          </reporter-output>
        </test-method> <!-- Candidate_Assessment_Exam_Testcase -->
        <test-method status="PASS" signature="getResult(org.testng.ITestResult)[pri:0, instance:Driver_Started_Candidate_Module.Candidate_Driver_Class@5e5d171f]" name="getResult" is-config="true" duration-ms="8" started-at="2019-04-12T13:20:34Z" finished-at="2019-04-12T13:20:34Z">
          <params>
            <param index="0">
              <value>
                <![CDATA[[TestResult name=Candidate_Assessment_Exam_Testcase status=SUCCESS method=Candidate_Driver_Class.Candidate_Assessment_Exam_Testcase()[pri:3, instance:Driver_Started_Candidate_Module.Candidate_Driver_Class@5e5d171f] output={null}]]]>
              </value>
            </param>
          </params>
          <reporter-output>
          </reporter-output>
        </test-method> <!-- getResult -->
        <test-method status="PASS" signature="driver_close()[pri:0, instance:Driver_Started_Candidate_Module.Candidate_Driver_Class@5e5d171f]" name="driver_close" is-config="true" duration-ms="3604" started-at="2019-04-12T13:20:34Z" finished-at="2019-04-12T13:20:37Z">
          <reporter-output>
          </reporter-output>
        </test-method> <!-- driver_close -->
        <test-method status="PASS" signature="teardown()[pri:0, instance:Driver_Started_Candidate_Module.Candidate_Driver_Class@5e5d171f]" name="teardown" is-config="true" duration-ms="11307" started-at="2019-04-12T13:20:37Z" finished-at="2019-04-12T13:20:49Z">
          <reporter-output>
          </reporter-output>
        </test-method> <!-- teardown -->
      </class> <!-- Driver_Started_Candidate_Module.Candidate_Driver_Class -->
    </test> <!-- Default test -->
  </suite> <!-- Default suite -->
</testng-results>
